mode: atomic
gopkg.hlmpn.dev/pkg/xprint/append.go:10.44,17.2 5 68
gopkg.hlmpn.dev/pkg/xprint/append.go:21.60,29.2 5 86
gopkg.hlmpn.dev/pkg/xprint/append.go:33.41,35.33 2 68
gopkg.hlmpn.dev/pkg/xprint/append.go:35.33,38.45 2 78
gopkg.hlmpn.dev/pkg/xprint/append.go:38.45,40.4 1 8
gopkg.hlmpn.dev/pkg/xprint/append.go:41.3,42.24 2 78
gopkg.hlmpn.dev/pkg/xprint/append.go:46.12,48.2 1 0
gopkg.hlmpn.dev/pkg/xprint/buffer.go:8.28,10.2 1 0
gopkg.hlmpn.dev/pkg/xprint/buffer.go:11.30,13.2 1 0
gopkg.hlmpn.dev/pkg/xprint/buffer.go:15.34,17.2 1 2
gopkg.hlmpn.dev/pkg/xprint/buffer.go:19.40,21.2 1 248
gopkg.hlmpn.dev/pkg/xprint/buffer.go:22.36,24.2 1 194
gopkg.hlmpn.dev/pkg/xprint/buffer.go:26.36,28.2 1 0
gopkg.hlmpn.dev/pkg/xprint/buffer.go:29.23,31.2 1 0
gopkg.hlmpn.dev/pkg/xprint/doprint.go:8.53,13.14 5 86
gopkg.hlmpn.dev/pkg/xprint/doprint.go:13.14,16.35 2 96
gopkg.hlmpn.dev/pkg/xprint/doprint.go:16.35,18.4 1 12
gopkg.hlmpn.dev/pkg/xprint/doprint.go:23.3,23.38 1 96
gopkg.hlmpn.dev/pkg/xprint/doprint.go:23.38,25.4 1 12
gopkg.hlmpn.dev/pkg/xprint/doprint.go:30.3,30.19 1 96
gopkg.hlmpn.dev/pkg/xprint/doprint.go:31.13,32.9 1 0
gopkg.hlmpn.dev/pkg/xprint/doprint.go:36.3,39.34 2 96
gopkg.hlmpn.dev/pkg/xprint/doprint.go:39.34,42.12 3 0
gopkg.hlmpn.dev/pkg/xprint/doprint.go:45.3,48.15 2 96
gopkg.hlmpn.dev/pkg/xprint/doprint.go:48.15,49.21 1 98
gopkg.hlmpn.dev/pkg/xprint/doprint.go:50.13,51.23 1 0
gopkg.hlmpn.dev/pkg/xprint/doprint.go:52.13,53.22 1 0
gopkg.hlmpn.dev/pkg/xprint/doprint.go:54.13,55.22 1 2
gopkg.hlmpn.dev/pkg/xprint/doprint.go:56.13,57.23 1 0
gopkg.hlmpn.dev/pkg/xprint/doprint.go:58.13,59.23 1 0
gopkg.hlmpn.dev/pkg/xprint/doprint.go:60.12,61.20 1 96
gopkg.hlmpn.dev/pkg/xprint/doprint.go:63.4,63.7 1 2
gopkg.hlmpn.dev/pkg/xprint/doprint.go:66.3,67.34 2 96
gopkg.hlmpn.dev/pkg/xprint/doprint.go:67.34,69.27 2 0
gopkg.hlmpn.dev/pkg/xprint/doprint.go:69.27,71.10 2 0
gopkg.hlmpn.dev/pkg/xprint/doprint.go:73.4,74.11 2 0
gopkg.hlmpn.dev/pkg/xprint/doprint.go:74.11,76.5 1 0
gopkg.hlmpn.dev/pkg/xprint/doprint.go:76.10,79.18 3 0
gopkg.hlmpn.dev/pkg/xprint/doprint.go:79.18,82.6 2 0
gopkg.hlmpn.dev/pkg/xprint/doprint.go:84.4,84.12 1 0
gopkg.hlmpn.dev/pkg/xprint/doprint.go:85.9,85.21 1 96
gopkg.hlmpn.dev/pkg/xprint/doprint.go:85.21,87.4 1 96
gopkg.hlmpn.dev/pkg/xprint/doprint.go:89.3,89.34 1 96
gopkg.hlmpn.dev/pkg/xprint/doprint.go:89.34,91.35 2 6
gopkg.hlmpn.dev/pkg/xprint/doprint.go:91.35,93.28 2 0
gopkg.hlmpn.dev/pkg/xprint/doprint.go:93.28,95.11 2 0
gopkg.hlmpn.dev/pkg/xprint/doprint.go:97.5,98.12 2 0
gopkg.hlmpn.dev/pkg/xprint/doprint.go:98.12,100.6 1 0
gopkg.hlmpn.dev/pkg/xprint/doprint.go:100.11,103.18 3 0
gopkg.hlmpn.dev/pkg/xprint/doprint.go:103.18,105.7 1 0
gopkg.hlmpn.dev/pkg/xprint/doprint.go:107.5,107.13 1 0
gopkg.hlmpn.dev/pkg/xprint/doprint.go:108.10,110.5 1 6
gopkg.hlmpn.dev/pkg/xprint/doprint.go:113.3,113.15 1 96
gopkg.hlmpn.dev/pkg/xprint/doprint.go:113.15,115.9 2 0
gopkg.hlmpn.dev/pkg/xprint/doprint.go:118.3,122.26 3 96
gopkg.hlmpn.dev/pkg/xprint/doprint.go:122.26,124.9 2 0
gopkg.hlmpn.dev/pkg/xprint/doprint.go:127.3,129.19 2 96
gopkg.hlmpn.dev/pkg/xprint/doprint.go:129.19,131.9 2 2
gopkg.hlmpn.dev/pkg/xprint/doprint.go:133.3,133.52 1 94
gopkg.hlmpn.dev/pkg/xprint/doprint.go:133.52,136.12 2 8
gopkg.hlmpn.dev/pkg/xprint/doprint.go:137.9,137.58 1 86
gopkg.hlmpn.dev/pkg/xprint/doprint.go:137.58,140.12 2 2
gopkg.hlmpn.dev/pkg/xprint/doprint.go:143.3,143.15 1 84
gopkg.hlmpn.dev/pkg/xprint/doprint.go:144.12,147.27 3 26
gopkg.hlmpn.dev/pkg/xprint/doprint.go:148.42,149.27 1 36
gopkg.hlmpn.dev/pkg/xprint/doprint.go:150.37,151.27 1 10
gopkg.hlmpn.dev/pkg/xprint/doprint.go:152.17,153.27 1 2
gopkg.hlmpn.dev/pkg/xprint/doprint.go:154.12,155.22 1 8
gopkg.hlmpn.dev/pkg/xprint/doprint.go:157.12,158.29 1 0
gopkg.hlmpn.dev/pkg/xprint/doprint.go:159.12,160.46 1 2
gopkg.hlmpn.dev/pkg/xprint/doprint.go:161.11,164.35 3 0
gopkg.hlmpn.dev/pkg/xprint/errorf.go:22.44,24.17 1 0
gopkg.hlmpn.dev/pkg/xprint/errorf.go:24.17,26.3 1 0
gopkg.hlmpn.dev/pkg/xprint/errorf.go:30.2,30.17 1 0
gopkg.hlmpn.dev/pkg/xprint/errorf.go:30.17,31.29 1 0
gopkg.hlmpn.dev/pkg/xprint/errorf.go:31.29,32.22 1 0
gopkg.hlmpn.dev/pkg/xprint/errorf.go:32.22,34.31 1 0
gopkg.hlmpn.dev/pkg/xprint/errorf.go:35.17,36.28 1 0
gopkg.hlmpn.dev/pkg/xprint/errorf.go:37.17,38.36 1 0
gopkg.hlmpn.dev/pkg/xprint/errorf.go:39.16,40.36 1 0
gopkg.hlmpn.dev/pkg/xprint/errorf.go:42.10,42.29 1 0
gopkg.hlmpn.dev/pkg/xprint/errorf.go:42.29,44.36 1 0
gopkg.hlmpn.dev/pkg/xprint/errorf.go:44.36,49.6 1 0
gopkg.hlmpn.dev/pkg/xprint/errorf.go:55.2,64.26 6 0
gopkg.hlmpn.dev/pkg/xprint/errorf.go:65.9,67.22 1 0
gopkg.hlmpn.dev/pkg/xprint/errorf.go:68.9,72.10 3 0
gopkg.hlmpn.dev/pkg/xprint/errorf.go:73.10,75.16 1 0
gopkg.hlmpn.dev/pkg/xprint/errorf.go:75.16,77.4 1 0
gopkg.hlmpn.dev/pkg/xprint/errorf.go:78.3,79.38 2 0
gopkg.hlmpn.dev/pkg/xprint/errorf.go:79.38,80.43 1 0
gopkg.hlmpn.dev/pkg/xprint/errorf.go:80.43,81.13 1 0
gopkg.hlmpn.dev/pkg/xprint/errorf.go:83.4,83.38 1 0
gopkg.hlmpn.dev/pkg/xprint/errorf.go:83.38,85.5 1 0
gopkg.hlmpn.dev/pkg/xprint/errorf.go:87.3,87.29 1 0
gopkg.hlmpn.dev/pkg/xprint/errorf.go:90.2,90.12 1 0
gopkg.hlmpn.dev/pkg/xprint/errorf.go:94.41,96.2 1 0
gopkg.hlmpn.dev/pkg/xprint/errorf.go:100.82,104.31 3 0
gopkg.hlmpn.dev/pkg/xprint/errorf.go:104.31,106.23 1 0
gopkg.hlmpn.dev/pkg/xprint/errorf.go:106.23,109.12 3 0
gopkg.hlmpn.dev/pkg/xprint/errorf.go:113.3,113.46 1 0
gopkg.hlmpn.dev/pkg/xprint/errorf.go:113.46,117.12 3 0
gopkg.hlmpn.dev/pkg/xprint/errorf.go:121.3,126.42 4 0
gopkg.hlmpn.dev/pkg/xprint/errorf.go:126.42,129.44 3 0
gopkg.hlmpn.dev/pkg/xprint/errorf.go:129.44,131.5 1 0
gopkg.hlmpn.dev/pkg/xprint/errorf.go:132.4,132.43 1 0
gopkg.hlmpn.dev/pkg/xprint/errorf.go:132.43,136.34 3 0
gopkg.hlmpn.dev/pkg/xprint/errorf.go:136.34,137.50 1 0
gopkg.hlmpn.dev/pkg/xprint/errorf.go:137.50,139.7 1 0
gopkg.hlmpn.dev/pkg/xprint/errorf.go:141.5,143.8 3 0
gopkg.hlmpn.dev/pkg/xprint/errorf.go:148.3,148.23 1 0
gopkg.hlmpn.dev/pkg/xprint/errorf.go:148.23,150.54 1 0
gopkg.hlmpn.dev/pkg/xprint/errorf.go:150.54,153.13 3 0
gopkg.hlmpn.dev/pkg/xprint/errorf.go:157.4,157.86 1 0
gopkg.hlmpn.dev/pkg/xprint/errorf.go:157.86,160.13 3 0
gopkg.hlmpn.dev/pkg/xprint/errorf.go:163.4,163.9 1 0
gopkg.hlmpn.dev/pkg/xprint/errorf.go:167.3,167.22 1 0
gopkg.hlmpn.dev/pkg/xprint/errorf.go:167.22,168.24 1 0
gopkg.hlmpn.dev/pkg/xprint/errorf.go:168.24,172.5 2 0
gopkg.hlmpn.dev/pkg/xprint/errorf.go:172.10,174.5 1 0
gopkg.hlmpn.dev/pkg/xprint/errorf.go:175.4,175.7 1 0
gopkg.hlmpn.dev/pkg/xprint/errorf.go:178.3,181.11 2 0
gopkg.hlmpn.dev/pkg/xprint/errorf.go:184.2,184.20 1 0
gopkg.hlmpn.dev/pkg/xprint/errorf.go:192.36,194.2 1 0
gopkg.hlmpn.dev/pkg/xprint/errorf.go:196.36,198.2 1 0
gopkg.hlmpn.dev/pkg/xprint/errorf.go:205.37,207.2 1 0
gopkg.hlmpn.dev/pkg/xprint/errorf.go:209.39,211.2 1 0
gopkg.hlmpn.dev/pkg/xprint/fmt.go:19.31,22.2 2 154
gopkg.hlmpn.dev/pkg/xprint/fmt.go:24.28,36.2 11 250
gopkg.hlmpn.dev/pkg/xprint/fmt.go:43.26,45.2 1 154
gopkg.hlmpn.dev/pkg/xprint/fmt.go:47.41,48.15 1 4
gopkg.hlmpn.dev/pkg/xprint/fmt.go:48.15,50.3 1 0
gopkg.hlmpn.dev/pkg/xprint/fmt.go:51.2,52.14 2 4
gopkg.hlmpn.dev/pkg/xprint/fmt_methods.go:4.31,5.7 1 0
gopkg.hlmpn.dev/pkg/xprint/fmt_methods.go:5.7,7.3 1 0
gopkg.hlmpn.dev/pkg/xprint/fmt_methods.go:7.8,9.3 1 0
gopkg.hlmpn.dev/pkg/xprint/fmt_methods.go:12.35,14.2 1 44
gopkg.hlmpn.dev/pkg/xprint/fmt_methods.go:16.34,18.2 1 0
gopkg.hlmpn.dev/pkg/xprint/main.go:11.48,13.20 1 0
gopkg.hlmpn.dev/pkg/xprint/main.go:13.20,15.3 1 0
gopkg.hlmpn.dev/pkg/xprint/main.go:18.2,18.74 1 0
gopkg.hlmpn.dev/pkg/xprint/main.go:18.74,20.3 1 0
gopkg.hlmpn.dev/pkg/xprint/main.go:22.2,26.10 5 0
gopkg.hlmpn.dev/pkg/xprint/main.go:29.49,31.2 1 0
gopkg.hlmpn.dev/pkg/xprint/main.go:33.68,35.20 1 0
gopkg.hlmpn.dev/pkg/xprint/main.go:35.20,37.17 2 0
gopkg.hlmpn.dev/pkg/xprint/main.go:37.17,39.4 1 0
gopkg.hlmpn.dev/pkg/xprint/main.go:40.3,40.16 1 0
gopkg.hlmpn.dev/pkg/xprint/main.go:43.2,47.16 5 0
gopkg.hlmpn.dev/pkg/xprint/main.go:47.16,49.3 1 0
gopkg.hlmpn.dev/pkg/xprint/main.go:50.2,50.15 1 0
gopkg.hlmpn.dev/pkg/xprint/main.go:53.37,55.22 2 0
gopkg.hlmpn.dev/pkg/xprint/main.go:55.22,57.3 1 0
gopkg.hlmpn.dev/pkg/xprint/main.go:58.2,58.19 1 0
gopkg.hlmpn.dev/pkg/xprint/main.go:63.31,64.11 1 0
gopkg.hlmpn.dev/pkg/xprint/main.go:65.12,66.16 1 0
gopkg.hlmpn.dev/pkg/xprint/main.go:67.10,68.17 1 0
gopkg.hlmpn.dev/pkg/xprint/main.go:72.29,74.2 1 0
gopkg.hlmpn.dev/pkg/xprint/misc_parsers.go:28.58,29.18 1 102
gopkg.hlmpn.dev/pkg/xprint/misc_parsers.go:29.18,31.3 1 0
gopkg.hlmpn.dev/pkg/xprint/misc_parsers.go:32.2,35.63 4 102
gopkg.hlmpn.dev/pkg/xprint/misc_parsers.go:35.63,38.3 2 10
gopkg.hlmpn.dev/pkg/xprint/misc_parsers.go:39.2,39.25 1 102
gopkg.hlmpn.dev/pkg/xprint/print_int.go:7.56,9.23 2 126
gopkg.hlmpn.dev/pkg/xprint/print_int.go:10.11,11.41 1 22
gopkg.hlmpn.dev/pkg/xprint/print_int.go:12.12,13.41 1 4
gopkg.hlmpn.dev/pkg/xprint/print_int.go:14.13,15.41 1 4
gopkg.hlmpn.dev/pkg/xprint/print_int.go:16.13,17.41 1 4
gopkg.hlmpn.dev/pkg/xprint/print_int.go:18.13,19.41 1 48
gopkg.hlmpn.dev/pkg/xprint/print_int.go:21.12,22.44 1 4
gopkg.hlmpn.dev/pkg/xprint/print_int.go:23.13,24.44 1 24
gopkg.hlmpn.dev/pkg/xprint/print_int.go:25.14,26.44 1 4
gopkg.hlmpn.dev/pkg/xprint/print_int.go:27.14,28.44 1 4
gopkg.hlmpn.dev/pkg/xprint/print_int.go:29.14,30.36 1 4
gopkg.hlmpn.dev/pkg/xprint/print_int.go:31.10,35.9 4 4
gopkg.hlmpn.dev/pkg/xprint/print_int.go:37.2,37.24 1 122
gopkg.hlmpn.dev/pkg/xprint/print_int.go:44.64,46.11 2 82
gopkg.hlmpn.dev/pkg/xprint/print_int.go:47.9,48.12 1 0
gopkg.hlmpn.dev/pkg/xprint/print_int.go:49.9,50.12 1 12
gopkg.hlmpn.dev/pkg/xprint/print_int.go:51.9,52.12 1 12
gopkg.hlmpn.dev/pkg/xprint/print_int.go:53.9,54.12 1 8
gopkg.hlmpn.dev/pkg/xprint/print_int.go:55.9,56.12 1 4
gopkg.hlmpn.dev/pkg/xprint/print_int.go:57.9,58.12 1 4
gopkg.hlmpn.dev/pkg/xprint/print_int.go:59.9,60.12 1 0
gopkg.hlmpn.dev/pkg/xprint/print_int.go:61.9,62.12 1 0
gopkg.hlmpn.dev/pkg/xprint/print_int.go:63.9,64.12 1 4
gopkg.hlmpn.dev/pkg/xprint/print_int.go:65.9,66.12 1 0
gopkg.hlmpn.dev/pkg/xprint/print_int.go:67.10,68.42 1 38
gopkg.hlmpn.dev/pkg/xprint/print_int.go:70.2,70.12 1 82
gopkg.hlmpn.dev/pkg/xprint/print_reflect_value.go:6.68,8.18 1 130
gopkg.hlmpn.dev/pkg/xprint/print_reflect_value.go:8.18,11.3 2 0
gopkg.hlmpn.dev/pkg/xprint/print_reflect_value.go:14.2,14.84 1 130
gopkg.hlmpn.dev/pkg/xprint/print_reflect_value.go:14.84,16.43 2 8
gopkg.hlmpn.dev/pkg/xprint/print_reflect_value.go:16.43,22.4 4 0
gopkg.hlmpn.dev/pkg/xprint/print_reflect_value.go:26.2,26.33 1 130
gopkg.hlmpn.dev/pkg/xprint/print_reflect_value.go:26.33,28.111 1 0
gopkg.hlmpn.dev/pkg/xprint/print_reflect_value.go:28.111,32.4 3 0
gopkg.hlmpn.dev/pkg/xprint/print_reflect_value.go:34.3,35.33 2 0
gopkg.hlmpn.dev/pkg/xprint/print_reflect_value.go:35.33,37.4 1 0
gopkg.hlmpn.dev/pkg/xprint/print_reflect_value.go:37.9,39.4 1 0
gopkg.hlmpn.dev/pkg/xprint/print_reflect_value.go:43.2,45.15 3 130
gopkg.hlmpn.dev/pkg/xprint/print_reflect_value.go:45.15,45.45 1 130
gopkg.hlmpn.dev/pkg/xprint/print_reflect_value.go:48.2,48.18 1 130
gopkg.hlmpn.dev/pkg/xprint/print_reflect_value.go:49.20,50.26 1 0
gopkg.hlmpn.dev/pkg/xprint/print_reflect_value.go:51.78,52.32 1 44
gopkg.hlmpn.dev/pkg/xprint/print_reflect_value.go:53.83,54.33 1 0
gopkg.hlmpn.dev/pkg/xprint/print_reflect_value.go:55.40,56.24 1 0
gopkg.hlmpn.dev/pkg/xprint/print_reflect_value.go:57.22,58.30 1 44
gopkg.hlmpn.dev/pkg/xprint/print_reflect_value.go:59.21,60.16 1 16
gopkg.hlmpn.dev/pkg/xprint/print_reflect_value.go:60.16,63.4 2 0
gopkg.hlmpn.dev/pkg/xprint/print_reflect_value.go:64.3,64.46 1 16
gopkg.hlmpn.dev/pkg/xprint/print_reflect_value.go:64.46,67.33 2 0
gopkg.hlmpn.dev/pkg/xprint/print_reflect_value.go:67.33,68.14 1 0
gopkg.hlmpn.dev/pkg/xprint/print_reflect_value.go:68.14,70.6 1 0
gopkg.hlmpn.dev/pkg/xprint/print_reflect_value.go:71.5,71.43 1 0
gopkg.hlmpn.dev/pkg/xprint/print_reflect_value.go:73.4,73.24 1 0
gopkg.hlmpn.dev/pkg/xprint/print_reflect_value.go:74.9,76.33 2 16
gopkg.hlmpn.dev/pkg/xprint/print_reflect_value.go:76.33,77.14 1 44
gopkg.hlmpn.dev/pkg/xprint/print_reflect_value.go:77.14,79.6 1 32
gopkg.hlmpn.dev/pkg/xprint/print_reflect_value.go:80.5,80.41 1 44
gopkg.hlmpn.dev/pkg/xprint/print_reflect_value.go:82.4,82.24 1 16
gopkg.hlmpn.dev/pkg/xprint/print_reflect_value.go:84.21,86.26 2 0
gopkg.hlmpn.dev/pkg/xprint/print_reflect_value.go:86.26,87.13 1 0
gopkg.hlmpn.dev/pkg/xprint/print_reflect_value.go:87.13,89.5 1 0
gopkg.hlmpn.dev/pkg/xprint/print_reflect_value.go:90.4,90.40 1 0
gopkg.hlmpn.dev/pkg/xprint/print_reflect_value.go:92.3,92.23 1 0
gopkg.hlmpn.dev/pkg/xprint/print_reflect_value.go:93.19,94.16 1 12
gopkg.hlmpn.dev/pkg/xprint/print_reflect_value.go:94.16,97.4 2 0
gopkg.hlmpn.dev/pkg/xprint/print_reflect_value.go:98.3,100.28 3 12
gopkg.hlmpn.dev/pkg/xprint/print_reflect_value.go:100.28,101.13 1 16
gopkg.hlmpn.dev/pkg/xprint/print_reflect_value.go:101.13,103.5 1 8
gopkg.hlmpn.dev/pkg/xprint/print_reflect_value.go:104.4,106.45 3 16
gopkg.hlmpn.dev/pkg/xprint/print_reflect_value.go:108.3,108.23 1 12
gopkg.hlmpn.dev/pkg/xprint/print_reflect_value.go:109.22,111.37 2 6
gopkg.hlmpn.dev/pkg/xprint/print_reflect_value.go:111.37,112.13 1 10
gopkg.hlmpn.dev/pkg/xprint/print_reflect_value.go:112.13,114.5 1 4
gopkg.hlmpn.dev/pkg/xprint/print_reflect_value.go:115.4,115.19 1 10
gopkg.hlmpn.dev/pkg/xprint/print_reflect_value.go:115.19,118.5 2 4
gopkg.hlmpn.dev/pkg/xprint/print_reflect_value.go:119.4,119.40 1 10
gopkg.hlmpn.dev/pkg/xprint/print_reflect_value.go:121.3,121.23 1 6
gopkg.hlmpn.dev/pkg/xprint/print_reflect_value.go:122.23,123.16 1 8
gopkg.hlmpn.dev/pkg/xprint/print_reflect_value.go:123.16,126.4 2 4
gopkg.hlmpn.dev/pkg/xprint/print_reflect_value.go:127.3,128.37 2 4
gopkg.hlmpn.dev/pkg/xprint/print_reflect_value.go:129.25,130.16 1 0
gopkg.hlmpn.dev/pkg/xprint/print_reflect_value.go:130.16,133.4 2 0
gopkg.hlmpn.dev/pkg/xprint/print_reflect_value.go:134.3,134.37 1 0
gopkg.hlmpn.dev/pkg/xprint/print_reflect_value.go:135.10,137.23 1 0
gopkg.hlmpn.dev/pkg/xprint/print_reflect_value.go:137.23,139.4 1 0
gopkg.hlmpn.dev/pkg/xprint/print_reflect_value.go:139.9,141.4 1 0
gopkg.hlmpn.dev/pkg/xprint/print_reflect_value.go:145.2,145.33 1 126
gopkg.hlmpn.dev/pkg/xprint/print_reflect_value.go:145.33,146.33 1 0
gopkg.hlmpn.dev/pkg/xprint/print_reflect_value.go:146.33,148.4 1 0
gopkg.hlmpn.dev/pkg/xprint/print_reflect_value.go:148.9,150.4 1 0
gopkg.hlmpn.dev/pkg/xprint/print_types.go:8.52,10.18 1 2
gopkg.hlmpn.dev/pkg/xprint/print_types.go:10.18,13.3 2 0
gopkg.hlmpn.dev/pkg/xprint/print_types.go:15.2,18.46 2 2
gopkg.hlmpn.dev/pkg/xprint/print_types.go:18.46,21.3 2 0
gopkg.hlmpn.dev/pkg/xprint/print_types.go:24.2,24.17 1 2
gopkg.hlmpn.dev/pkg/xprint/print_types.go:24.17,27.28 2 2
gopkg.hlmpn.dev/pkg/xprint/print_types.go:28.23,29.18 1 0
gopkg.hlmpn.dev/pkg/xprint/print_types.go:30.16,31.9 1 0
gopkg.hlmpn.dev/pkg/xprint/print_types.go:32.22,33.35 1 2
gopkg.hlmpn.dev/pkg/xprint/print_types.go:33.35,35.5 1 2
gopkg.hlmpn.dev/pkg/xprint/print_types.go:35.10,38.5 2 0
gopkg.hlmpn.dev/pkg/xprint/print_types.go:39.11,40.35 1 0
gopkg.hlmpn.dev/pkg/xprint/print_types.go:40.35,42.5 1 0
gopkg.hlmpn.dev/pkg/xprint/print_types.go:42.10,45.5 2 0
gopkg.hlmpn.dev/pkg/xprint/print_types.go:48.3,55.15 6 2
gopkg.hlmpn.dev/pkg/xprint/print_types.go:55.15,59.4 3 18
gopkg.hlmpn.dev/pkg/xprint/print_types.go:60.3,63.9 4 2
gopkg.hlmpn.dev/pkg/xprint/print_types.go:67.2,67.48 1 0
gopkg.hlmpn.dev/pkg/xprint/print_types.go:67.48,70.21 2 0
gopkg.hlmpn.dev/pkg/xprint/print_types.go:70.21,73.4 2 0
gopkg.hlmpn.dev/pkg/xprint/print_types.go:77.2,79.27 2 0
gopkg.hlmpn.dev/pkg/xprint/print_types.go:80.22,81.17 1 0
gopkg.hlmpn.dev/pkg/xprint/print_types.go:82.15,83.8 1 0
gopkg.hlmpn.dev/pkg/xprint/print_types.go:84.21,85.34 1 0
gopkg.hlmpn.dev/pkg/xprint/print_types.go:85.34,87.4 1 0
gopkg.hlmpn.dev/pkg/xprint/print_types.go:87.9,90.4 2 0
gopkg.hlmpn.dev/pkg/xprint/print_types.go:91.10,92.34 1 0
gopkg.hlmpn.dev/pkg/xprint/print_types.go:92.34,94.4 1 0
gopkg.hlmpn.dev/pkg/xprint/print_types.go:94.9,97.4 2 0
gopkg.hlmpn.dev/pkg/xprint/print_types.go:100.2,107.14 6 0
gopkg.hlmpn.dev/pkg/xprint/print_types.go:107.14,111.3 3 0
gopkg.hlmpn.dev/pkg/xprint/print_types.go:112.2,114.22 3 0
gopkg.hlmpn.dev/pkg/xprint/print_types.go:117.38,118.29 1 16
gopkg.hlmpn.dev/pkg/xprint/print_types.go:118.29,119.8 1 16
gopkg.hlmpn.dev/pkg/xprint/print_types.go:119.8,121.4 1 12
gopkg.hlmpn.dev/pkg/xprint/print_types.go:121.9,123.4 1 4
gopkg.hlmpn.dev/pkg/xprint/print_types.go:124.3,124.9 1 16
gopkg.hlmpn.dev/pkg/xprint/print_types.go:126.2,128.34 3 0
gopkg.hlmpn.dev/pkg/xprint/print_types.go:131.45,133.2 1 0
gopkg.hlmpn.dev/pkg/xprint/print_types.go:135.50,137.23 2 8
gopkg.hlmpn.dev/pkg/xprint/print_types.go:138.17,141.18 2 4
gopkg.hlmpn.dev/pkg/xprint/print_types.go:141.18,143.4 1 4
gopkg.hlmpn.dev/pkg/xprint/print_types.go:144.3,145.19 2 4
gopkg.hlmpn.dev/pkg/xprint/print_types.go:145.19,147.4 1 4
gopkg.hlmpn.dev/pkg/xprint/print_types.go:148.3,148.36 1 4
gopkg.hlmpn.dev/pkg/xprint/print_types.go:149.18,152.18 2 4
gopkg.hlmpn.dev/pkg/xprint/print_types.go:152.18,154.4 1 4
gopkg.hlmpn.dev/pkg/xprint/print_types.go:155.3,156.19 2 4
gopkg.hlmpn.dev/pkg/xprint/print_types.go:156.19,158.4 1 4
gopkg.hlmpn.dev/pkg/xprint/print_types.go:159.3,159.36 1 4
gopkg.hlmpn.dev/pkg/xprint/print_types.go:160.10,164.9 4 0
gopkg.hlmpn.dev/pkg/xprint/print_types.go:166.2,167.22 2 8
gopkg.hlmpn.dev/pkg/xprint/printarg.go:10.48,12.16 1 152
gopkg.hlmpn.dev/pkg/xprint/printarg.go:12.16,15.3 2 2
gopkg.hlmpn.dev/pkg/xprint/printarg.go:18.2,18.14 1 150
gopkg.hlmpn.dev/pkg/xprint/printarg.go:19.11,21.9 2 0
gopkg.hlmpn.dev/pkg/xprint/printarg.go:22.11,24.9 2 0
gopkg.hlmpn.dev/pkg/xprint/printarg.go:25.11,26.43 1 0
gopkg.hlmpn.dev/pkg/xprint/printarg.go:29.2,29.25 1 150
gopkg.hlmpn.dev/pkg/xprint/printarg.go:30.14,32.23 2 2
gopkg.hlmpn.dev/pkg/xprint/printarg.go:32.23,33.13 1 20
gopkg.hlmpn.dev/pkg/xprint/printarg.go:33.13,35.5 1 18
gopkg.hlmpn.dev/pkg/xprint/printarg.go:36.4,36.26 1 20
gopkg.hlmpn.dev/pkg/xprint/printarg.go:38.3,38.23 1 2
gopkg.hlmpn.dev/pkg/xprint/printarg.go:39.14,40.30 1 12
gopkg.hlmpn.dev/pkg/xprint/printarg.go:41.12,42.15 1 8
gopkg.hlmpn.dev/pkg/xprint/printarg.go:43.17,44.18 1 8
gopkg.hlmpn.dev/pkg/xprint/printarg.go:45.12,47.37 2 0
gopkg.hlmpn.dev/pkg/xprint/printarg.go:49.38,50.26 1 38
gopkg.hlmpn.dev/pkg/xprint/printarg.go:51.43,52.26 1 20
gopkg.hlmpn.dev/pkg/xprint/printarg.go:53.15,55.18 1 4
gopkg.hlmpn.dev/pkg/xprint/printarg.go:55.18,58.4 1 2
gopkg.hlmpn.dev/pkg/xprint/printarg.go:58.9,58.40 1 2
gopkg.hlmpn.dev/pkg/xprint/printarg.go:58.40,61.4 1 2
gopkg.hlmpn.dev/pkg/xprint/printarg.go:61.9,64.4 1 0
gopkg.hlmpn.dev/pkg/xprint/printarg.go:65.15,68.24 1 4
gopkg.hlmpn.dev/pkg/xprint/printarg.go:68.24,70.4 1 2
gopkg.hlmpn.dev/pkg/xprint/printarg.go:70.9,72.4 1 2
gopkg.hlmpn.dev/pkg/xprint/printarg.go:73.15,77.24 1 12
gopkg.hlmpn.dev/pkg/xprint/printarg.go:77.24,79.4 1 4
gopkg.hlmpn.dev/pkg/xprint/printarg.go:79.9,81.4 1 8
gopkg.hlmpn.dev/pkg/xprint/printarg.go:82.29,83.26 1 8
gopkg.hlmpn.dev/pkg/xprint/printarg.go:84.10,86.28 1 42
gopkg.hlmpn.dev/pkg/xprint/printarg.go:86.28,88.4 1 2
gopkg.hlmpn.dev/pkg/xprint/printarg.go:91.3,95.33 3 40
gopkg.hlmpn.dev/pkg/xprint/printer.go:36.38,39.2 2 94
gopkg.hlmpn.dev/pkg/xprint/printer.go:40.37,43.2 2 86
gopkg.hlmpn.dev/pkg/xprint/printer.go:46.28,53.2 5 154
gopkg.hlmpn.dev/pkg/xprint/printer.go:56.26,57.26 1 154
gopkg.hlmpn.dev/pkg/xprint/printer.go:57.26,59.3 1 0
gopkg.hlmpn.dev/pkg/xprint/printer.go:59.8,61.3 1 154
gopkg.hlmpn.dev/pkg/xprint/printer.go:62.2,66.15 5 154
gopkg.hlmpn.dev/pkg/xprint/printer.go:70.18,70.41 1 42
gopkg.hlmpn.dev/pkg/xprint/printer.go:106.43,110.2 3 0
gopkg.hlmpn.dev/pkg/xprint/printer.go:112.48,114.23 2 6
gopkg.hlmpn.dev/pkg/xprint/printer.go:115.15,116.68 1 2
gopkg.hlmpn.dev/pkg/xprint/printer.go:117.15,118.59 1 4
gopkg.hlmpn.dev/pkg/xprint/printer.go:119.10,121.9 2 0
gopkg.hlmpn.dev/pkg/xprint/printer.go:123.2,123.24 1 6
gopkg.hlmpn.dev/pkg/xprint/printer.go:127.65,128.34 1 2
gopkg.hlmpn.dev/pkg/xprint/printer.go:128.34,130.74 1 0
gopkg.hlmpn.dev/pkg/xprint/printer.go:130.74,133.4 2 0
gopkg.hlmpn.dev/pkg/xprint/printer.go:136.3,142.23 7 0
gopkg.hlmpn.dev/pkg/xprint/printer.go:146.49,148.34 1 42
gopkg.hlmpn.dev/pkg/xprint/printer.go:148.34,152.3 3 2
gopkg.hlmpn.dev/pkg/xprint/printer.go:155.2,155.18 1 40
gopkg.hlmpn.dev/pkg/xprint/printer.go:155.18,156.45 1 0
gopkg.hlmpn.dev/pkg/xprint/printer.go:156.45,160.4 3 0
gopkg.hlmpn.dev/pkg/xprint/printer.go:164.2,164.32 1 40
gopkg.hlmpn.dev/pkg/xprint/printer.go:164.32,165.43 1 40
gopkg.hlmpn.dev/pkg/xprint/printer.go:165.43,169.4 3 0
gopkg.hlmpn.dev/pkg/xprint/printer.go:172.2,172.14 1 40
gopkg.hlmpn.dev/pkg/xprint/printf.go:9.57,11.31 2 0
gopkg.hlmpn.dev/pkg/xprint/printf.go:11.31,13.23 1 0
gopkg.hlmpn.dev/pkg/xprint/printf.go:13.23,15.12 2 0
gopkg.hlmpn.dev/pkg/xprint/printf.go:19.3,19.25 1 0
gopkg.hlmpn.dev/pkg/xprint/printf.go:19.25,22.4 1 0
gopkg.hlmpn.dev/pkg/xprint/printf.go:25.3,25.25 1 0
gopkg.hlmpn.dev/pkg/xprint/printf.go:25.25,27.12 2 0
gopkg.hlmpn.dev/pkg/xprint/printf.go:31.3,34.63 2 0
gopkg.hlmpn.dev/pkg/xprint/printf.go:34.63,36.4 1 0
gopkg.hlmpn.dev/pkg/xprint/printf.go:39.3,39.23 1 0
gopkg.hlmpn.dev/pkg/xprint/printf.go:39.23,41.4 1 0
gopkg.hlmpn.dev/pkg/xprint/printf.go:45.3,45.20 1 0
gopkg.hlmpn.dev/pkg/xprint/printf.go:46.42,48.16 1 0
gopkg.hlmpn.dev/pkg/xprint/printf.go:49.12,52.7 2 0
gopkg.hlmpn.dev/pkg/xprint/printf.go:53.11,55.16 1 0
gopkg.hlmpn.dev/pkg/xprint/printf.go:60.2,60.18 1 0
gopkg.hlmpn.dev/pkg/xprint/printf.go:64.44,66.20 1 0
gopkg.hlmpn.dev/pkg/xprint/printf.go:66.20,68.3 1 0
gopkg.hlmpn.dev/pkg/xprint/printf.go:71.2,71.27 1 0
gopkg.hlmpn.dev/pkg/xprint/printf.go:71.27,72.17 1 0
gopkg.hlmpn.dev/pkg/xprint/printf.go:72.17,74.4 1 0
gopkg.hlmpn.dev/pkg/xprint/printf.go:77.3,80.32 3 0
gopkg.hlmpn.dev/pkg/xprint/printf.go:80.32,82.4 1 0
gopkg.hlmpn.dev/pkg/xprint/printf.go:84.2,84.13 1 0
gopkg.hlmpn.dev/pkg/xprint/printf.go:89.57,94.35 3 0
gopkg.hlmpn.dev/pkg/xprint/printf.go:94.35,95.23 1 0
gopkg.hlmpn.dev/pkg/xprint/printf.go:95.23,97.12 2 0
gopkg.hlmpn.dev/pkg/xprint/printf.go:101.3,101.46 1 0
gopkg.hlmpn.dev/pkg/xprint/printf.go:101.46,104.12 3 0
gopkg.hlmpn.dev/pkg/xprint/printf.go:108.3,111.63 2 0
gopkg.hlmpn.dev/pkg/xprint/printf.go:111.63,113.4 1 0
gopkg.hlmpn.dev/pkg/xprint/printf.go:116.3,116.27 1 0
gopkg.hlmpn.dev/pkg/xprint/printf.go:116.27,117.40 1 0
gopkg.hlmpn.dev/pkg/xprint/printf.go:118.16,119.28 1 0
gopkg.hlmpn.dev/pkg/xprint/printf.go:120.16,121.22 1 0
gopkg.hlmpn.dev/pkg/xprint/printf.go:123.4,123.14 1 0
gopkg.hlmpn.dev/pkg/xprint/printf.go:127.2,127.24 1 0
gopkg.hlmpn.dev/pkg/xprint/printfloat.go:6.54,7.14 1 16
gopkg.hlmpn.dev/pkg/xprint/printfloat.go:8.21,10.63 1 4
gopkg.hlmpn.dev/pkg/xprint/printfloat.go:11.11,13.56 1 0
gopkg.hlmpn.dev/pkg/xprint/printfloat.go:14.11,16.57 1 4
gopkg.hlmpn.dev/pkg/xprint/printfloat.go:17.10,19.64 1 8
gopkg.hlmpn.dev/pkg/xprint/printfloat.go:24.54,25.14 1 10
gopkg.hlmpn.dev/pkg/xprint/printfloat.go:26.21,28.72 1 0
gopkg.hlmpn.dev/pkg/xprint/printfloat.go:29.11,31.65 1 0
gopkg.hlmpn.dev/pkg/xprint/printfloat.go:32.11,34.66 1 2
gopkg.hlmpn.dev/pkg/xprint/printfloat.go:35.10,37.73 1 8
