mode: atomic
gopkg.hlmpn.dev/pkg/xprint/append.go:5.44,12.2 4 1
gopkg.hlmpn.dev/pkg/xprint/append.go:16.60,18.9 1 0
gopkg.hlmpn.dev/pkg/xprint/append.go:19.23,20.11 1 0
gopkg.hlmpn.dev/pkg/xprint/append.go:21.42,23.11 2 0
gopkg.hlmpn.dev/pkg/xprint/append.go:25.2,30.10 5 0
gopkg.hlmpn.dev/pkg/xprint/buffer.go:11.28,13.2 1 0
gopkg.hlmpn.dev/pkg/xprint/buffer.go:14.30,16.2 1 0
gopkg.hlmpn.dev/pkg/xprint/buffer.go:18.34,20.2 1 0
gopkg.hlmpn.dev/pkg/xprint/buffer.go:22.40,24.2 1 0
gopkg.hlmpn.dev/pkg/xprint/buffer.go:25.47,27.2 1 0
gopkg.hlmpn.dev/pkg/xprint/buffer.go:29.36,31.2 1 0
gopkg.hlmpn.dev/pkg/xprint/buffer.go:33.36,35.2 1 0
gopkg.hlmpn.dev/pkg/xprint/buffer.go:36.23,38.2 1 0
gopkg.hlmpn.dev/pkg/xprint/buffer.go:40.41,47.2 5 1
gopkg.hlmpn.dev/pkg/xprint/doprint.go:9.53,14.14 5 1
gopkg.hlmpn.dev/pkg/xprint/doprint.go:14.14,17.35 2 1
gopkg.hlmpn.dev/pkg/xprint/doprint.go:17.35,19.4 1 5
gopkg.hlmpn.dev/pkg/xprint/doprint.go:21.3,21.38 1 1
gopkg.hlmpn.dev/pkg/xprint/doprint.go:21.38,23.4 1 1
gopkg.hlmpn.dev/pkg/xprint/doprint.go:25.3,25.19 1 1
gopkg.hlmpn.dev/pkg/xprint/doprint.go:26.13,27.9 1 0
gopkg.hlmpn.dev/pkg/xprint/doprint.go:31.3,34.34 2 1
gopkg.hlmpn.dev/pkg/xprint/doprint.go:34.34,37.12 3 0
gopkg.hlmpn.dev/pkg/xprint/doprint.go:40.3,43.15 3 1
gopkg.hlmpn.dev/pkg/xprint/doprint.go:43.15,45.21 2 1
gopkg.hlmpn.dev/pkg/xprint/doprint.go:46.13,47.23 1 0
gopkg.hlmpn.dev/pkg/xprint/doprint.go:48.13,49.22 1 0
gopkg.hlmpn.dev/pkg/xprint/doprint.go:50.13,51.22 1 0
gopkg.hlmpn.dev/pkg/xprint/doprint.go:52.13,53.23 1 0
gopkg.hlmpn.dev/pkg/xprint/doprint.go:54.13,55.23 1 0
gopkg.hlmpn.dev/pkg/xprint/doprint.go:56.12,57.20 1 1
gopkg.hlmpn.dev/pkg/xprint/doprint.go:59.4,59.7 1 0
gopkg.hlmpn.dev/pkg/xprint/doprint.go:62.3,63.40 2 1
gopkg.hlmpn.dev/pkg/xprint/doprint.go:63.40,67.9 4 0
gopkg.hlmpn.dev/pkg/xprint/doprint.go:69.3,72.34 3 1
gopkg.hlmpn.dev/pkg/xprint/doprint.go:72.34,74.29 2 0
gopkg.hlmpn.dev/pkg/xprint/doprint.go:74.29,76.10 2 0
gopkg.hlmpn.dev/pkg/xprint/doprint.go:78.4,79.11 2 0
gopkg.hlmpn.dev/pkg/xprint/doprint.go:79.11,81.5 1 0
gopkg.hlmpn.dev/pkg/xprint/doprint.go:81.10,84.18 3 0
gopkg.hlmpn.dev/pkg/xprint/doprint.go:84.18,87.6 2 0
gopkg.hlmpn.dev/pkg/xprint/doprint.go:89.4,89.14 1 0
gopkg.hlmpn.dev/pkg/xprint/doprint.go:90.9,90.21 1 1
gopkg.hlmpn.dev/pkg/xprint/doprint.go:90.21,92.4 1 1
gopkg.hlmpn.dev/pkg/xprint/doprint.go:94.3,94.34 1 1
gopkg.hlmpn.dev/pkg/xprint/doprint.go:94.34,96.35 2 0
gopkg.hlmpn.dev/pkg/xprint/doprint.go:96.35,98.30 2 0
gopkg.hlmpn.dev/pkg/xprint/doprint.go:98.30,100.11 2 0
gopkg.hlmpn.dev/pkg/xprint/doprint.go:102.5,103.12 2 0
gopkg.hlmpn.dev/pkg/xprint/doprint.go:103.12,105.6 1 0
gopkg.hlmpn.dev/pkg/xprint/doprint.go:105.11,108.18 3 0
gopkg.hlmpn.dev/pkg/xprint/doprint.go:108.18,110.7 1 0
gopkg.hlmpn.dev/pkg/xprint/doprint.go:112.5,112.15 1 0
gopkg.hlmpn.dev/pkg/xprint/doprint.go:113.10,115.5 1 0
gopkg.hlmpn.dev/pkg/xprint/doprint.go:118.3,119.15 2 1
gopkg.hlmpn.dev/pkg/xprint/doprint.go:119.15,121.9 2 0
gopkg.hlmpn.dev/pkg/xprint/doprint.go:124.3,127.15 3 1
gopkg.hlmpn.dev/pkg/xprint/doprint.go:127.15,129.4 1 1
gopkg.hlmpn.dev/pkg/xprint/doprint.go:132.3,132.28 1 1
gopkg.hlmpn.dev/pkg/xprint/doprint.go:132.28,134.9 2 0
gopkg.hlmpn.dev/pkg/xprint/doprint.go:137.3,146.77 2 1
gopkg.hlmpn.dev/pkg/xprint/doprint.go:146.77,149.12 2 0
gopkg.hlmpn.dev/pkg/xprint/doprint.go:150.9,150.83 1 1
gopkg.hlmpn.dev/pkg/xprint/doprint.go:150.83,153.12 2 0
gopkg.hlmpn.dev/pkg/xprint/doprint.go:155.3,157.17 3 1
gopkg.hlmpn.dev/pkg/xprint/doprint.go:158.12,161.16 3 0
gopkg.hlmpn.dev/pkg/xprint/doprint.go:162.12,164.16 2 0
gopkg.hlmpn.dev/pkg/xprint/doprint.go:165.12,167.24 2 0
gopkg.hlmpn.dev/pkg/xprint/doprint.go:168.12,169.16 1 0
gopkg.hlmpn.dev/pkg/xprint/doprint.go:170.12,172.16 2 0
gopkg.hlmpn.dev/pkg/xprint/doprint.go:173.12,176.16 3 0
gopkg.hlmpn.dev/pkg/xprint/doprint.go:177.12,179.16 2 0
gopkg.hlmpn.dev/pkg/xprint/doprint.go:180.12,183.16 3 0
gopkg.hlmpn.dev/pkg/xprint/doprint.go:184.37,185.16 1 0
gopkg.hlmpn.dev/pkg/xprint/doprint.go:186.12,187.16 1 1
gopkg.hlmpn.dev/pkg/xprint/doprint.go:188.12,190.29 1 0
gopkg.hlmpn.dev/pkg/xprint/doprint.go:191.16,192.26 1 0
gopkg.hlmpn.dev/pkg/xprint/doprint.go:194.4,194.16 1 0
gopkg.hlmpn.dev/pkg/xprint/doprint.go:195.12,196.22 1 0
gopkg.hlmpn.dev/pkg/xprint/doprint.go:197.12,198.29 1 0
gopkg.hlmpn.dev/pkg/xprint/doprint.go:199.12,200.48 1 0
gopkg.hlmpn.dev/pkg/xprint/doprint.go:201.11,205.21 4 0
gopkg.hlmpn.dev/pkg/xprint/doprint.go:205.21,206.10 1 0
gopkg.hlmpn.dev/pkg/xprint/doprint.go:212.34,226.6 5 0
gopkg.hlmpn.dev/pkg/xprint/doprint.go:226.6,232.3 1 0
gopkg.hlmpn.dev/pkg/xprint/doprint.go:236.20,240.2 2 0
gopkg.hlmpn.dev/pkg/xprint/errorf.go:22.44,24.17 1 0
gopkg.hlmpn.dev/pkg/xprint/errorf.go:24.17,26.3 1 0
gopkg.hlmpn.dev/pkg/xprint/errorf.go:30.2,30.17 1 0
gopkg.hlmpn.dev/pkg/xprint/errorf.go:30.17,31.29 1 0
gopkg.hlmpn.dev/pkg/xprint/errorf.go:31.29,32.22 1 0
gopkg.hlmpn.dev/pkg/xprint/errorf.go:32.22,34.31 1 0
gopkg.hlmpn.dev/pkg/xprint/errorf.go:35.17,36.28 1 0
gopkg.hlmpn.dev/pkg/xprint/errorf.go:37.17,38.36 1 0
gopkg.hlmpn.dev/pkg/xprint/errorf.go:39.16,40.36 1 0
gopkg.hlmpn.dev/pkg/xprint/errorf.go:42.10,42.29 1 0
gopkg.hlmpn.dev/pkg/xprint/errorf.go:42.29,44.36 1 0
gopkg.hlmpn.dev/pkg/xprint/errorf.go:44.36,49.6 1 0
gopkg.hlmpn.dev/pkg/xprint/errorf.go:55.2,64.26 6 0
gopkg.hlmpn.dev/pkg/xprint/errorf.go:65.9,67.22 1 0
gopkg.hlmpn.dev/pkg/xprint/errorf.go:68.9,72.10 3 0
gopkg.hlmpn.dev/pkg/xprint/errorf.go:73.10,75.16 1 0
gopkg.hlmpn.dev/pkg/xprint/errorf.go:75.16,77.4 1 0
gopkg.hlmpn.dev/pkg/xprint/errorf.go:78.3,79.38 2 0
gopkg.hlmpn.dev/pkg/xprint/errorf.go:79.38,80.43 1 0
gopkg.hlmpn.dev/pkg/xprint/errorf.go:80.43,81.13 1 0
gopkg.hlmpn.dev/pkg/xprint/errorf.go:83.4,83.38 1 0
gopkg.hlmpn.dev/pkg/xprint/errorf.go:83.38,85.5 1 0
gopkg.hlmpn.dev/pkg/xprint/errorf.go:87.3,87.29 1 0
gopkg.hlmpn.dev/pkg/xprint/errorf.go:90.2,90.12 1 0
gopkg.hlmpn.dev/pkg/xprint/errorf.go:94.41,96.2 1 0
gopkg.hlmpn.dev/pkg/xprint/errorf.go:100.82,104.31 3 0
gopkg.hlmpn.dev/pkg/xprint/errorf.go:104.31,106.23 1 0
gopkg.hlmpn.dev/pkg/xprint/errorf.go:106.23,109.12 3 0
gopkg.hlmpn.dev/pkg/xprint/errorf.go:113.3,113.46 1 0
gopkg.hlmpn.dev/pkg/xprint/errorf.go:113.46,117.12 3 0
gopkg.hlmpn.dev/pkg/xprint/errorf.go:121.3,126.42 4 0
gopkg.hlmpn.dev/pkg/xprint/errorf.go:126.42,129.44 3 0
gopkg.hlmpn.dev/pkg/xprint/errorf.go:129.44,131.5 1 0
gopkg.hlmpn.dev/pkg/xprint/errorf.go:132.4,132.43 1 0
gopkg.hlmpn.dev/pkg/xprint/errorf.go:132.43,136.34 3 0
gopkg.hlmpn.dev/pkg/xprint/errorf.go:136.34,137.50 1 0
gopkg.hlmpn.dev/pkg/xprint/errorf.go:137.50,139.7 1 0
gopkg.hlmpn.dev/pkg/xprint/errorf.go:141.5,143.8 3 0
gopkg.hlmpn.dev/pkg/xprint/errorf.go:148.3,148.23 1 0
gopkg.hlmpn.dev/pkg/xprint/errorf.go:148.23,150.54 1 0
gopkg.hlmpn.dev/pkg/xprint/errorf.go:150.54,153.13 3 0
gopkg.hlmpn.dev/pkg/xprint/errorf.go:157.4,157.86 1 0
gopkg.hlmpn.dev/pkg/xprint/errorf.go:157.86,160.13 3 0
gopkg.hlmpn.dev/pkg/xprint/errorf.go:163.4,163.9 1 0
gopkg.hlmpn.dev/pkg/xprint/errorf.go:167.3,167.22 1 0
gopkg.hlmpn.dev/pkg/xprint/errorf.go:167.22,168.24 1 0
gopkg.hlmpn.dev/pkg/xprint/errorf.go:168.24,172.5 2 0
gopkg.hlmpn.dev/pkg/xprint/errorf.go:172.10,174.5 1 0
gopkg.hlmpn.dev/pkg/xprint/errorf.go:175.4,175.7 1 0
gopkg.hlmpn.dev/pkg/xprint/errorf.go:178.3,181.11 2 0
gopkg.hlmpn.dev/pkg/xprint/errorf.go:184.2,184.20 1 0
gopkg.hlmpn.dev/pkg/xprint/errorf.go:192.36,194.2 1 0
gopkg.hlmpn.dev/pkg/xprint/errorf.go:196.36,198.2 1 0
gopkg.hlmpn.dev/pkg/xprint/errorf.go:205.37,207.2 1 0
gopkg.hlmpn.dev/pkg/xprint/errorf.go:209.39,211.2 1 0
gopkg.hlmpn.dev/pkg/xprint/fmt.go:21.31,24.2 2 2
gopkg.hlmpn.dev/pkg/xprint/fmt.go:26.28,38.2 11 3
gopkg.hlmpn.dev/pkg/xprint/fmt.go:45.26,47.2 1 2
gopkg.hlmpn.dev/pkg/xprint/fmt.go:49.41,50.15 1 0
gopkg.hlmpn.dev/pkg/xprint/fmt.go:50.15,52.3 1 0
gopkg.hlmpn.dev/pkg/xprint/fmt.go:53.2,54.14 2 0
gopkg.hlmpn.dev/pkg/xprint/fmt_methods.go:4.31,5.7 1 0
gopkg.hlmpn.dev/pkg/xprint/fmt_methods.go:5.7,7.3 1 0
gopkg.hlmpn.dev/pkg/xprint/fmt_methods.go:7.8,9.3 1 0
gopkg.hlmpn.dev/pkg/xprint/fmt_methods.go:12.35,14.2 1 0
gopkg.hlmpn.dev/pkg/xprint/fmt_methods.go:16.34,18.2 1 0
gopkg.hlmpn.dev/pkg/xprint/main.go:11.48,13.20 1 1
gopkg.hlmpn.dev/pkg/xprint/main.go:13.20,15.3 1 0
gopkg.hlmpn.dev/pkg/xprint/main.go:18.2,18.74 1 1
gopkg.hlmpn.dev/pkg/xprint/main.go:18.74,20.3 1 0
gopkg.hlmpn.dev/pkg/xprint/main.go:22.2,26.10 5 1
gopkg.hlmpn.dev/pkg/xprint/main.go:29.49,31.2 1 0
gopkg.hlmpn.dev/pkg/xprint/main.go:33.68,35.20 1 0
gopkg.hlmpn.dev/pkg/xprint/main.go:35.20,37.17 2 0
gopkg.hlmpn.dev/pkg/xprint/main.go:37.17,39.4 1 0
gopkg.hlmpn.dev/pkg/xprint/main.go:40.3,40.16 1 0
gopkg.hlmpn.dev/pkg/xprint/main.go:43.2,47.16 5 0
gopkg.hlmpn.dev/pkg/xprint/main.go:47.16,49.3 1 0
gopkg.hlmpn.dev/pkg/xprint/main.go:50.2,50.15 1 0
gopkg.hlmpn.dev/pkg/xprint/main.go:53.37,55.22 2 0
gopkg.hlmpn.dev/pkg/xprint/main.go:55.22,57.3 1 0
gopkg.hlmpn.dev/pkg/xprint/main.go:58.2,58.19 1 0
gopkg.hlmpn.dev/pkg/xprint/main.go:63.31,64.11 1 0
gopkg.hlmpn.dev/pkg/xprint/main.go:65.12,66.16 1 0
gopkg.hlmpn.dev/pkg/xprint/main.go:67.10,68.17 1 0
gopkg.hlmpn.dev/pkg/xprint/main.go:72.29,74.2 1 0
gopkg.hlmpn.dev/pkg/xprint/misc_parsers.go:28.58,29.18 1 1
gopkg.hlmpn.dev/pkg/xprint/misc_parsers.go:29.18,31.3 1 0
gopkg.hlmpn.dev/pkg/xprint/misc_parsers.go:32.2,35.63 4 1
gopkg.hlmpn.dev/pkg/xprint/misc_parsers.go:35.63,38.3 2 0
gopkg.hlmpn.dev/pkg/xprint/misc_parsers.go:39.2,39.25 1 1
gopkg.hlmpn.dev/pkg/xprint/print_int.go:7.46,9.23 2 0
gopkg.hlmpn.dev/pkg/xprint/print_int.go:10.11,11.51 1 0
gopkg.hlmpn.dev/pkg/xprint/print_int.go:12.12,13.51 1 0
gopkg.hlmpn.dev/pkg/xprint/print_int.go:14.13,15.51 1 0
gopkg.hlmpn.dev/pkg/xprint/print_int.go:16.13,17.51 1 0
gopkg.hlmpn.dev/pkg/xprint/print_int.go:18.13,19.51 1 0
gopkg.hlmpn.dev/pkg/xprint/print_int.go:20.12,21.54 1 0
gopkg.hlmpn.dev/pkg/xprint/print_int.go:22.13,23.54 1 0
gopkg.hlmpn.dev/pkg/xprint/print_int.go:24.14,25.54 1 0
gopkg.hlmpn.dev/pkg/xprint/print_int.go:26.14,27.54 1 0
gopkg.hlmpn.dev/pkg/xprint/print_int.go:28.14,29.46 1 0
gopkg.hlmpn.dev/pkg/xprint/print_int.go:30.15,31.54 1 0
gopkg.hlmpn.dev/pkg/xprint/print_int.go:32.10,36.9 4 0
gopkg.hlmpn.dev/pkg/xprint/print_int.go:38.2,38.23 1 0
gopkg.hlmpn.dev/pkg/xprint/print_int.go:39.12,40.32 1 0
gopkg.hlmpn.dev/pkg/xprint/print_int.go:41.13,42.25 1 0
gopkg.hlmpn.dev/pkg/xprint/print_int.go:50.64,52.11 2 0
gopkg.hlmpn.dev/pkg/xprint/print_int.go:53.9,54.12 1 0
gopkg.hlmpn.dev/pkg/xprint/print_int.go:55.9,56.12 1 0
gopkg.hlmpn.dev/pkg/xprint/print_int.go:57.9,58.12 1 0
gopkg.hlmpn.dev/pkg/xprint/print_int.go:59.9,60.12 1 0
gopkg.hlmpn.dev/pkg/xprint/print_int.go:61.9,62.12 1 0
gopkg.hlmpn.dev/pkg/xprint/print_int.go:63.9,64.12 1 0
gopkg.hlmpn.dev/pkg/xprint/print_int.go:65.9,66.12 1 0
gopkg.hlmpn.dev/pkg/xprint/print_int.go:67.9,68.12 1 0
gopkg.hlmpn.dev/pkg/xprint/print_int.go:69.9,70.12 1 0
gopkg.hlmpn.dev/pkg/xprint/print_int.go:71.9,72.12 1 0
gopkg.hlmpn.dev/pkg/xprint/print_int.go:73.10,74.42 1 0
gopkg.hlmpn.dev/pkg/xprint/print_int.go:76.2,76.12 1 0
gopkg.hlmpn.dev/pkg/xprint/print_reflect_value.go:9.68,11.18 1 0
gopkg.hlmpn.dev/pkg/xprint/print_reflect_value.go:11.18,14.3 2 0
gopkg.hlmpn.dev/pkg/xprint/print_reflect_value.go:15.2,18.84 2 0
gopkg.hlmpn.dev/pkg/xprint/print_reflect_value.go:18.84,20.43 2 0
gopkg.hlmpn.dev/pkg/xprint/print_reflect_value.go:20.43,26.4 4 0
gopkg.hlmpn.dev/pkg/xprint/print_reflect_value.go:30.2,30.33 1 0
gopkg.hlmpn.dev/pkg/xprint/print_reflect_value.go:30.33,32.111 1 0
gopkg.hlmpn.dev/pkg/xprint/print_reflect_value.go:32.111,36.4 3 0
gopkg.hlmpn.dev/pkg/xprint/print_reflect_value.go:38.3,39.33 2 0
gopkg.hlmpn.dev/pkg/xprint/print_reflect_value.go:39.33,41.4 1 0
gopkg.hlmpn.dev/pkg/xprint/print_reflect_value.go:41.9,43.4 1 0
gopkg.hlmpn.dev/pkg/xprint/print_reflect_value.go:47.2,49.15 3 0
gopkg.hlmpn.dev/pkg/xprint/print_reflect_value.go:49.15,49.45 1 0
gopkg.hlmpn.dev/pkg/xprint/print_reflect_value.go:52.2,52.18 1 0
gopkg.hlmpn.dev/pkg/xprint/print_reflect_value.go:53.20,54.26 1 0
gopkg.hlmpn.dev/pkg/xprint/print_reflect_value.go:55.78,56.28 1 0
gopkg.hlmpn.dev/pkg/xprint/print_reflect_value.go:57.83,58.29 1 0
gopkg.hlmpn.dev/pkg/xprint/print_reflect_value.go:59.40,60.24 1 0
gopkg.hlmpn.dev/pkg/xprint/print_reflect_value.go:61.22,62.30 1 0
gopkg.hlmpn.dev/pkg/xprint/print_reflect_value.go:63.21,64.16 1 0
gopkg.hlmpn.dev/pkg/xprint/print_reflect_value.go:64.16,67.4 2 0
gopkg.hlmpn.dev/pkg/xprint/print_reflect_value.go:68.3,68.46 1 0
gopkg.hlmpn.dev/pkg/xprint/print_reflect_value.go:68.46,70.4 1 0
gopkg.hlmpn.dev/pkg/xprint/print_reflect_value.go:70.9,73.27 3 0
gopkg.hlmpn.dev/pkg/xprint/print_reflect_value.go:73.27,74.14 1 0
gopkg.hlmpn.dev/pkg/xprint/print_reflect_value.go:74.14,76.6 1 0
gopkg.hlmpn.dev/pkg/xprint/print_reflect_value.go:77.5,79.15 3 0
gopkg.hlmpn.dev/pkg/xprint/print_reflect_value.go:79.15,81.6 1 0
gopkg.hlmpn.dev/pkg/xprint/print_reflect_value.go:83.4,84.24 2 0
gopkg.hlmpn.dev/pkg/xprint/print_reflect_value.go:86.21,89.26 3 0
gopkg.hlmpn.dev/pkg/xprint/print_reflect_value.go:89.26,90.13 1 0
gopkg.hlmpn.dev/pkg/xprint/print_reflect_value.go:90.13,92.5 1 0
gopkg.hlmpn.dev/pkg/xprint/print_reflect_value.go:93.4,93.40 1 0
gopkg.hlmpn.dev/pkg/xprint/print_reflect_value.go:95.3,95.23 1 0
gopkg.hlmpn.dev/pkg/xprint/print_reflect_value.go:96.19,97.16 1 0
gopkg.hlmpn.dev/pkg/xprint/print_reflect_value.go:97.16,100.4 2 0
gopkg.hlmpn.dev/pkg/xprint/print_reflect_value.go:101.3,103.28 3 0
gopkg.hlmpn.dev/pkg/xprint/print_reflect_value.go:103.28,104.13 1 0
gopkg.hlmpn.dev/pkg/xprint/print_reflect_value.go:104.13,106.5 1 0
gopkg.hlmpn.dev/pkg/xprint/print_reflect_value.go:107.4,110.23 4 0
gopkg.hlmpn.dev/pkg/xprint/print_reflect_value.go:110.23,112.5 1 0
gopkg.hlmpn.dev/pkg/xprint/print_reflect_value.go:114.3,114.23 1 0
gopkg.hlmpn.dev/pkg/xprint/print_reflect_value.go:115.22,117.37 2 0
gopkg.hlmpn.dev/pkg/xprint/print_reflect_value.go:117.37,118.13 1 0
gopkg.hlmpn.dev/pkg/xprint/print_reflect_value.go:118.13,120.5 1 0
gopkg.hlmpn.dev/pkg/xprint/print_reflect_value.go:121.4,121.19 1 0
gopkg.hlmpn.dev/pkg/xprint/print_reflect_value.go:121.19,124.5 2 0
gopkg.hlmpn.dev/pkg/xprint/print_reflect_value.go:125.4,126.26 2 0
gopkg.hlmpn.dev/pkg/xprint/print_reflect_value.go:126.26,128.5 1 0
gopkg.hlmpn.dev/pkg/xprint/print_reflect_value.go:130.3,130.23 1 0
gopkg.hlmpn.dev/pkg/xprint/print_reflect_value.go:131.23,132.16 1 0
gopkg.hlmpn.dev/pkg/xprint/print_reflect_value.go:132.16,135.4 2 0
gopkg.hlmpn.dev/pkg/xprint/print_reflect_value.go:136.3,137.37 2 0
gopkg.hlmpn.dev/pkg/xprint/print_reflect_value.go:138.25,139.16 1 0
gopkg.hlmpn.dev/pkg/xprint/print_reflect_value.go:139.16,142.4 2 0
gopkg.hlmpn.dev/pkg/xprint/print_reflect_value.go:143.3,143.37 1 0
gopkg.hlmpn.dev/pkg/xprint/print_reflect_value.go:144.10,146.23 1 0
gopkg.hlmpn.dev/pkg/xprint/print_reflect_value.go:146.23,150.4 3 0
gopkg.hlmpn.dev/pkg/xprint/print_reflect_value.go:150.9,152.4 1 0
gopkg.hlmpn.dev/pkg/xprint/print_reflect_value.go:156.2,156.33 1 0
gopkg.hlmpn.dev/pkg/xprint/print_reflect_value.go:156.33,157.33 1 0
gopkg.hlmpn.dev/pkg/xprint/print_reflect_value.go:157.33,159.4 1 0
gopkg.hlmpn.dev/pkg/xprint/print_reflect_value.go:159.9,161.4 1 0
gopkg.hlmpn.dev/pkg/xprint/print_types.go:8.52,10.27 2 0
gopkg.hlmpn.dev/pkg/xprint/print_types.go:12.22,13.17 1 0
gopkg.hlmpn.dev/pkg/xprint/print_types.go:14.15,15.8 1 0
gopkg.hlmpn.dev/pkg/xprint/print_types.go:16.21,17.18 1 0
gopkg.hlmpn.dev/pkg/xprint/print_types.go:18.10,19.15 1 0
gopkg.hlmpn.dev/pkg/xprint/print_types.go:20.22,20.22 0 0
gopkg.hlmpn.dev/pkg/xprint/print_types.go:22.11,24.10 2 0
gopkg.hlmpn.dev/pkg/xprint/print_types.go:28.2,35.14 6 0
gopkg.hlmpn.dev/pkg/xprint/print_types.go:35.14,39.3 3 0
gopkg.hlmpn.dev/pkg/xprint/print_types.go:40.2,42.22 3 0
gopkg.hlmpn.dev/pkg/xprint/print_types.go:45.38,46.29 1 0
gopkg.hlmpn.dev/pkg/xprint/print_types.go:46.29,47.8 1 0
gopkg.hlmpn.dev/pkg/xprint/print_types.go:47.8,49.4 1 0
gopkg.hlmpn.dev/pkg/xprint/print_types.go:49.9,51.4 1 0
gopkg.hlmpn.dev/pkg/xprint/print_types.go:52.3,52.9 1 0
gopkg.hlmpn.dev/pkg/xprint/print_types.go:54.2,56.34 3 0
gopkg.hlmpn.dev/pkg/xprint/print_types.go:59.45,61.2 1 0
gopkg.hlmpn.dev/pkg/xprint/print_types.go:63.50,65.23 2 0
gopkg.hlmpn.dev/pkg/xprint/print_types.go:66.17,68.19 2 0
gopkg.hlmpn.dev/pkg/xprint/print_types.go:68.19,70.4 1 0
gopkg.hlmpn.dev/pkg/xprint/print_types.go:71.3,71.32 1 0
gopkg.hlmpn.dev/pkg/xprint/print_types.go:72.18,74.19 2 0
gopkg.hlmpn.dev/pkg/xprint/print_types.go:74.19,76.4 1 0
gopkg.hlmpn.dev/pkg/xprint/print_types.go:77.3,77.32 1 0
gopkg.hlmpn.dev/pkg/xprint/print_types.go:78.10,82.9 4 0
gopkg.hlmpn.dev/pkg/xprint/print_types.go:84.2,85.22 2 0
gopkg.hlmpn.dev/pkg/xprint/printarg.go:10.30,12.18 1 1
gopkg.hlmpn.dev/pkg/xprint/printarg.go:12.18,13.17 1 1
gopkg.hlmpn.dev/pkg/xprint/printarg.go:14.17,16.32 1 0
gopkg.hlmpn.dev/pkg/xprint/printarg.go:17.11,19.29 1 1
gopkg.hlmpn.dev/pkg/xprint/printarg.go:21.3,21.9 1 1
gopkg.hlmpn.dev/pkg/xprint/printarg.go:24.2,24.16 1 0
gopkg.hlmpn.dev/pkg/xprint/printarg.go:25.11,27.9 2 0
gopkg.hlmpn.dev/pkg/xprint/printarg.go:28.11,30.9 2 0
gopkg.hlmpn.dev/pkg/xprint/printarg.go:31.11,32.47 1 0
gopkg.hlmpn.dev/pkg/xprint/printarg.go:36.2,36.27 1 0
gopkg.hlmpn.dev/pkg/xprint/printarg.go:37.14,38.35 1 0
gopkg.hlmpn.dev/pkg/xprint/printarg.go:39.14,40.40 1 0
gopkg.hlmpn.dev/pkg/xprint/printarg.go:40.40,42.17 2 0
gopkg.hlmpn.dev/pkg/xprint/printarg.go:42.17,44.21 1 0
gopkg.hlmpn.dev/pkg/xprint/printarg.go:44.21,45.33 1 0
gopkg.hlmpn.dev/pkg/xprint/printarg.go:45.33,47.7 1 0
gopkg.hlmpn.dev/pkg/xprint/printarg.go:50.5,52.20 2 0
gopkg.hlmpn.dev/pkg/xprint/printarg.go:52.20,53.33 1 0
gopkg.hlmpn.dev/pkg/xprint/printarg.go:53.33,55.7 1 0
gopkg.hlmpn.dev/pkg/xprint/printarg.go:57.10,60.5 1 0
gopkg.hlmpn.dev/pkg/xprint/printarg.go:61.9,63.4 1 0
gopkg.hlmpn.dev/pkg/xprint/printarg.go:64.12,65.17 1 0
gopkg.hlmpn.dev/pkg/xprint/printarg.go:66.12,67.18 1 0
gopkg.hlmpn.dev/pkg/xprint/printarg.go:68.12,70.37 2 0
gopkg.hlmpn.dev/pkg/xprint/printarg.go:72.38,73.24 1 0
gopkg.hlmpn.dev/pkg/xprint/printarg.go:74.52,75.24 1 0
gopkg.hlmpn.dev/pkg/xprint/printarg.go:76.15,79.24 1 0
gopkg.hlmpn.dev/pkg/xprint/printarg.go:79.24,81.4 1 0
gopkg.hlmpn.dev/pkg/xprint/printarg.go:81.9,83.4 1 0
gopkg.hlmpn.dev/pkg/xprint/printarg.go:84.15,87.24 1 0
gopkg.hlmpn.dev/pkg/xprint/printarg.go:87.24,89.4 1 0
gopkg.hlmpn.dev/pkg/xprint/printarg.go:89.9,91.4 1 0
gopkg.hlmpn.dev/pkg/xprint/printarg.go:92.29,93.28 1 0
gopkg.hlmpn.dev/pkg/xprint/printarg.go:94.10,95.30 1 0
gopkg.hlmpn.dev/pkg/xprint/printarg.go:95.30,97.4 1 0
gopkg.hlmpn.dev/pkg/xprint/printarg.go:99.3,100.35 2 0
gopkg.hlmpn.dev/pkg/xprint/printer.go:40.38,43.2 2 1
gopkg.hlmpn.dev/pkg/xprint/printer.go:44.37,47.2 2 1
gopkg.hlmpn.dev/pkg/xprint/printer.go:50.28,57.2 5 2
gopkg.hlmpn.dev/pkg/xprint/printer.go:60.26,61.26 1 2
gopkg.hlmpn.dev/pkg/xprint/printer.go:61.26,63.3 1 0
gopkg.hlmpn.dev/pkg/xprint/printer.go:63.8,65.3 1 2
gopkg.hlmpn.dev/pkg/xprint/printer.go:66.2,70.15 5 2
gopkg.hlmpn.dev/pkg/xprint/printer.go:74.18,74.41 1 1
gopkg.hlmpn.dev/pkg/xprint/printer.go:110.43,114.2 3 0
gopkg.hlmpn.dev/pkg/xprint/printer.go:116.48,118.23 2 0
gopkg.hlmpn.dev/pkg/xprint/printer.go:119.15,120.68 1 0
gopkg.hlmpn.dev/pkg/xprint/printer.go:121.15,122.59 1 0
gopkg.hlmpn.dev/pkg/xprint/printer.go:123.10,125.9 2 0
gopkg.hlmpn.dev/pkg/xprint/printer.go:127.2,127.24 1 0
gopkg.hlmpn.dev/pkg/xprint/printer.go:131.65,132.34 1 0
gopkg.hlmpn.dev/pkg/xprint/printer.go:132.34,134.74 1 0
gopkg.hlmpn.dev/pkg/xprint/printer.go:134.74,137.4 2 0
gopkg.hlmpn.dev/pkg/xprint/printer.go:140.3,148.23 9 0
gopkg.hlmpn.dev/pkg/xprint/printer.go:152.49,154.34 1 0
gopkg.hlmpn.dev/pkg/xprint/printer.go:154.34,158.3 3 0
gopkg.hlmpn.dev/pkg/xprint/printer.go:161.2,161.18 1 0
gopkg.hlmpn.dev/pkg/xprint/printer.go:161.18,162.45 1 0
gopkg.hlmpn.dev/pkg/xprint/printer.go:162.45,166.4 3 0
gopkg.hlmpn.dev/pkg/xprint/printer.go:170.2,170.32 1 0
gopkg.hlmpn.dev/pkg/xprint/printer.go:170.32,171.43 1 0
gopkg.hlmpn.dev/pkg/xprint/printer.go:171.43,175.4 3 0
gopkg.hlmpn.dev/pkg/xprint/printer.go:178.2,178.14 1 0
gopkg.hlmpn.dev/pkg/xprint/printer.go:181.42,185.2 3 0
gopkg.hlmpn.dev/pkg/xprint/printf.go:9.57,11.31 2 1
gopkg.hlmpn.dev/pkg/xprint/printf.go:11.31,13.23 1 6
gopkg.hlmpn.dev/pkg/xprint/printf.go:13.23,15.12 2 5
gopkg.hlmpn.dev/pkg/xprint/printf.go:19.3,19.25 1 1
gopkg.hlmpn.dev/pkg/xprint/printf.go:19.25,22.4 1 0
gopkg.hlmpn.dev/pkg/xprint/printf.go:25.3,25.25 1 1
gopkg.hlmpn.dev/pkg/xprint/printf.go:25.25,27.12 2 0
gopkg.hlmpn.dev/pkg/xprint/printf.go:31.3,34.63 2 1
gopkg.hlmpn.dev/pkg/xprint/printf.go:34.63,36.4 1 0
gopkg.hlmpn.dev/pkg/xprint/printf.go:39.3,39.23 1 1
gopkg.hlmpn.dev/pkg/xprint/printf.go:39.23,41.4 1 0
gopkg.hlmpn.dev/pkg/xprint/printf.go:45.3,45.20 1 1
gopkg.hlmpn.dev/pkg/xprint/printf.go:46.42,48.16 1 0
gopkg.hlmpn.dev/pkg/xprint/printf.go:49.12,52.7 2 1
gopkg.hlmpn.dev/pkg/xprint/printf.go:53.11,55.16 1 0
gopkg.hlmpn.dev/pkg/xprint/printf.go:60.2,60.18 1 1
gopkg.hlmpn.dev/pkg/xprint/printf.go:64.44,66.20 1 1
gopkg.hlmpn.dev/pkg/xprint/printf.go:66.20,68.3 1 0
gopkg.hlmpn.dev/pkg/xprint/printf.go:71.2,71.27 1 1
gopkg.hlmpn.dev/pkg/xprint/printf.go:71.27,72.17 1 1
gopkg.hlmpn.dev/pkg/xprint/printf.go:72.17,74.4 1 1
gopkg.hlmpn.dev/pkg/xprint/printf.go:77.3,80.32 3 0
gopkg.hlmpn.dev/pkg/xprint/printf.go:80.32,82.4 1 0
gopkg.hlmpn.dev/pkg/xprint/printf.go:84.2,84.13 1 0
gopkg.hlmpn.dev/pkg/xprint/printf.go:89.57,94.35 3 0
gopkg.hlmpn.dev/pkg/xprint/printf.go:94.35,95.23 1 0
gopkg.hlmpn.dev/pkg/xprint/printf.go:95.23,97.12 2 0
gopkg.hlmpn.dev/pkg/xprint/printf.go:101.3,101.46 1 0
gopkg.hlmpn.dev/pkg/xprint/printf.go:101.46,104.12 3 0
gopkg.hlmpn.dev/pkg/xprint/printf.go:108.3,111.63 2 0
gopkg.hlmpn.dev/pkg/xprint/printf.go:111.63,113.4 1 0
gopkg.hlmpn.dev/pkg/xprint/printf.go:116.3,116.27 1 0
gopkg.hlmpn.dev/pkg/xprint/printf.go:116.27,117.40 1 0
gopkg.hlmpn.dev/pkg/xprint/printf.go:118.16,119.28 1 0
gopkg.hlmpn.dev/pkg/xprint/printf.go:120.16,121.22 1 0
gopkg.hlmpn.dev/pkg/xprint/printf.go:123.4,123.14 1 0
gopkg.hlmpn.dev/pkg/xprint/printf.go:127.2,127.24 1 0
gopkg.hlmpn.dev/pkg/xprint/printfloat.go:6.54,7.14 1 0
gopkg.hlmpn.dev/pkg/xprint/printfloat.go:8.21,10.63 1 0
gopkg.hlmpn.dev/pkg/xprint/printfloat.go:11.11,13.56 1 0
gopkg.hlmpn.dev/pkg/xprint/printfloat.go:14.11,16.57 1 0
gopkg.hlmpn.dev/pkg/xprint/printfloat.go:17.10,19.64 1 0
gopkg.hlmpn.dev/pkg/xprint/printfloat.go:24.54,25.14 1 0
gopkg.hlmpn.dev/pkg/xprint/printfloat.go:26.21,28.72 1 0
gopkg.hlmpn.dev/pkg/xprint/printfloat.go:29.11,31.65 1 0
gopkg.hlmpn.dev/pkg/xprint/printfloat.go:32.11,34.66 1 0
gopkg.hlmpn.dev/pkg/xprint/printfloat.go:35.10,37.73 1 0
